Wed, Mar 19, 2025  8:28:45 AM: 
 tests:  0|5
total_score: 0/70
3f6cb15
Wed, Mar 19, 2025  8:40:11 AM: 
 exercises.c | 9 +++++++++
 1 file changed, 9 insertions(+)
In file included from test.c:5:0:
exercises.c: In function 'sumaLista':
exercises.c:59:16: error: initialization makes integer from pointer without a cast [-Werror=int-conversion]
    int total = first(L);
                ^~~~~
exercises.c:60:9: error: statement with no effect [-Werror=unused-value]
    for(L!= NULL)
         ^
exercises.c:60:16: error: expected ';' before ')' token
    for(L!= NULL)
                ^
exercises.c:60:16: error: expected expression before ')' token
exercises.c:62:7: error: invalid use of undefined type 'struct List'
       total += L;
       ^~~~~
exercises.c:62:13: error: assignment makes integer from pointer without a cast [-Werror=int-conversion]
       total += L;
             ^~
cc1.exe: all warnings being treated as errors
Compilation failed
30d616b
Wed, Mar 19, 2025  8:40:32 AM: 
 exercises.c | 4 ++--
 1 file changed, 2 insertions(+), 2 deletions(-)
 tests:  0|5
total_score: 0/70
678b115
Wed, Mar 19, 2025  8:41:11 AM: 
 exercises.c | 2 +-
 1 file changed, 1 insertion(+), 1 deletion(-)
In file included from test.c:5:0:
exercises.c: In function 'crea_lista':
exercises.c:48:18: error: lvalue required as unary '&' operand
       pushBack(L,&(int *)k);
                  ^
Compilation failed
cba2334
Wed, Mar 19, 2025  8:41:25 AM: 
 exercises.c | 2 +-
 1 file changed, 1 insertion(+), 1 deletion(-)
In file included from test.c:5:0:
exercises.c: In function 'crea_lista':
exercises.c:48:18: error: lvalue required as unary '&' operand
       pushBack(L,&(int )k);
                  ^
Compilation failed
4360bf4
Wed, Mar 19, 2025  8:42:40 AM: 
 exercises.c | 4 +++-
 1 file changed, 3 insertions(+), 1 deletion(-)
 tests:  0|5
total_score: 0/70
2da0cc7
Wed, Mar 19, 2025  8:44:46 AM: 
 exercises.c | 2 +-
 1 file changed, 1 insertion(+), 1 deletion(-)
In file included from test.c:5:0:
exercises.c: In function 'crea_lista':
exercises.c:49:18: error: passing argument 2 of 'pushBack' makes pointer from integer without a cast [-Werror=int-conversion]
       pushBack(L,variable);
                  ^~~~~~~~
In file included from exercises.c:6:0,
                 from test.c:5:
arraylist.h:20:6: note: expected 'void *' but argument is of type 'int'
 void pushBack(List *L, void *dato);
      ^~~~~~~~
cc1.exe: all warnings being treated as errors
Compilation failed
a56a305
Wed, Mar 19, 2025  8:44:55 AM: 
 exercises.c | 2 +-
 1 file changed, 1 insertion(+), 1 deletion(-)
 tests:  0|5
total_score: 0/70
a1724bd
Wed, Mar 19, 2025  8:50:39 AM: 
 exercises.c | 8 +++++---
 1 file changed, 5 insertions(+), 3 deletions(-)
In file included from test.c:5:0:
exercises.c: In function 'numeros':
exercises.c:49:28: error: expected declaration specifiers before 'malloc'
       int *numeros (int *) malloc(sizeof(int));
                            ^~~~~~
exercises.c:50:7: error: expected declaration specifiers before '*' token
       *numero = k;
       ^
exercises.c:51:7: error: expected declaration specifiers before 'pushBack'
       pushBack(L,&numero);
       ^~~~~~~~
exercises.c:53:4: error: expected declaration specifiers before '}' token
    }
    ^
exercises.c:54:4: error: expected declaration specifiers before 'return'
    return L;
    ^~~~~~
exercises.c:55:1: error: expected declaration specifiers before '}' token
 }
 ^
exercises.c:62:24: error: expected '=', ',', ';', 'asm' or '__attribute__' before '{' token
 int sumaLista(List *L) {
                        ^
exercises.c:80:40: error: expected '=', ',', ';', 'asm' or '__attribute__' before '{' token
 void eliminaElementos(List*L, int elem){
                                        ^
exercises.c:91:39: error: expected '=', ',', ';', 'asm' or '__attribute__' before '{' token
 void copia_pila(Stack* P1, Stack* P2) {
                                       ^
exercises.c:101:41: error: expected '=', ',', ';', 'asm' or '__attribute__' before '{' token
 int parentesisBalanceados(char *cadena) {
                                         ^
In file included from test.c:6:0:
arraylist.c:6:1: error: empty declaration [-Werror]
 struct List {
 ^~~~~~
arraylist.c:12:14: error: storage class specified for parameter 'List'
 typedef List List;
              ^~~~
arraylist.c:14:1: error: expected declaration specifiers before 'List'
 List* create_list() {
 ^~~~
arraylist.c:21:13: error: expected declaration specifiers or '...' before 'List'
 void* first(List *L) {
             ^~~~
arraylist.c:29:12: error: expected declaration specifiers or '...' before 'List'
 void* next(List *L) {
            ^~~~
arraylist.c:37:16: error: expected declaration specifiers or '...' before 'List'
 void pushFront(List *L, void *dato) {
                ^~~~
arraylist.c:50:15: error: expected declaration specifiers or '...' before 'List'
 void pushBack(List *L, void *dato) {
               ^~~~
arraylist.c:55:18: error: expected declaration specifiers or '...' before 'List'
 void pushCurrent(List *L, void *dato) {
                  ^~~~
arraylist.c:68:16: error: expected declaration specifiers or '...' before 'List'
 void* popFront(List *L) {
                ^~~~
arraylist.c:80:15: error: expected declaration specifiers or '...' before 'List'
 void* popBack(List *L) {
               ^~~~
arraylist.c:89:18: error: expected declaration specifiers or '...' before 'List'
 void* popCurrent(List *L) {
                  ^~~~
arraylist.c:102:14: error: expected declaration specifiers or '...' before 'List'
 int get_size(List *L) {
              ^~~~
test.c:9:35: error: expected '=', ',', ';', 'asm' or '__attribute__' before '{' token
 char * _strdup2(const char * str) {
                                   ^
test.c:16:1: error: parameter 'test_id' is initialized
 int test_id = -1;
 ^~~
test.c:19:14: error: expected '=', ',', ';', 'asm' or '__attribute__' before '{' token
 int success(){
              ^
test.c:24:24: error: expected '=', ',', ';', 'asm' or '__attribute__' before '{' token
 void err_msg(char* msg){
                        ^
test.c:31:23: error: expected '=', ',', ';', 'asm' or '__attribute__' before '{' token
 void ok_msg(char* msg){
                       ^
test.c:37:25: error: expected '=', ',', ';', 'asm' or '__attribute__' before '{' token
 void info_msg(char* msg){
                         ^
test.c:42:75: error: expected '=', ',', ';', 'asm' or '__attribute__' before '{' token
 int test_suite(int(*test)(), char* msg, int max_score, int id, int req_id){
                                                                           ^
test.c:60:22: error: expected '=', ',', ';', 'asm' or '__attribute__' before '{' token
 int test_crea_lista(){
                      ^
test.c:84:22: error: expected '=', ',', ';', 'asm' or '__attribute__' before '{' token
 int test_suma_lista(){
                      ^
test.c:112:28: error: expected '=', ',', ';', 'asm' or '__attribute__' before '{' token
 int test_elimina_elemento(){
                            ^
test.c:158:22: error: expected '=', ',', ';', 'asm' or '__attribute__' before '{' token
 int test_copia_pila(){
                      ^
test.c:214:34: error: expected '=', ',', ';', 'asm' or '__attribute__' before '{' token
 int test_parentesis_balanceados(){
                                  ^
test.c:253:36: error: expected '=', ',', ';', 'asm' or '__attribute__' before '{' token
 int main( int argc, char *argv[] ) {
                                    ^
In file included from test.c:5:0:
exercises.c:49:12: error: old-style parameter declarations in prototyped function definition
       int *numeros (int *) malloc(sizeof(int));
            ^~~~~~~
exercises.c:49:7: error: parameter name omitted
       int *numeros (int *) malloc(sizeof(int));
       ^~~
test.c:271:1: error: expected '{' at end of input
 }
 ^
test.c:271:1: error: no return statement in function returning non-void [-Werror=return-type]
test.c: In function 'crea_lista':
test.c:271:1: error: expected declaration or statement at end of input
test.c:271:1: error: expected declaration or statement at end of input
In file included from test.c:5:0:
exercises.c:45:10: error: unused variable 'L' [-Werror=unused-variable]
    List* L = create_list();
          ^
test.c:271:1: error: control reaches end of non-void function [-Werror=return-type]
 }
 ^
In file included from test.c:5:0:
At top level:
exercises.c:49:12: error: 'numeros' defined but not used [-Werror=unused-function]
       int *numeros (int *) malloc(sizeof(int));
            ^~~~~~~
cc1.exe: all warnings being treated as errors
Compilation failed
e045cc1
Wed, Mar 19, 2025  8:50:58 AM: 
 exercises.c | 2 +-
 1 file changed, 1 insertion(+), 1 deletion(-)
In file included from test.c:5:0:
exercises.c: In function 'numeros':
exercises.c:49:28: error: expected declaration specifiers before 'malloc'
       int *numeros (int *) malloc(sizeof(int));
                            ^~~~~~
exercises.c:50:7: error: expected declaration specifiers before '*' token
       *numero = k;
       ^
exercises.c:51:7: error: expected declaration specifiers before 'pushBack'
       pushBack(L,&umero);
       ^~~~~~~~
exercises.c:53:4: error: expected declaration specifiers before '}' token
    }
    ^
exercises.c:54:4: error: expected declaration specifiers before 'return'
    return L;
    ^~~~~~
exercises.c:55:1: error: expected declaration specifiers before '}' token
 }
 ^
exercises.c:62:24: error: expected '=', ',', ';', 'asm' or '__attribute__' before '{' token
 int sumaLista(List *L) {
                        ^
exercises.c:80:40: error: expected '=', ',', ';', 'asm' or '__attribute__' before '{' token
 void eliminaElementos(List*L, int elem){
                                        ^
exercises.c:91:39: error: expected '=', ',', ';', 'asm' or '__attribute__' before '{' token
 void copia_pila(Stack* P1, Stack* P2) {
                                       ^
exercises.c:101:41: error: expected '=', ',', ';', 'asm' or '__attribute__' before '{' token
 int parentesisBalanceados(char *cadena) {
                                         ^
In file included from test.c:6:0:
arraylist.c:6:1: error: empty declaration [-Werror]
 struct List {
 ^~~~~~
arraylist.c:12:14: error: storage class specified for parameter 'List'
 typedef List List;
              ^~~~
arraylist.c:14:1: error: expected declaration specifiers before 'List'
 List* create_list() {
 ^~~~
arraylist.c:21:13: error: expected declaration specifiers or '...' before 'List'
 void* first(List *L) {
             ^~~~
arraylist.c:29:12: error: expected declaration specifiers or '...' before 'List'
 void* next(List *L) {
            ^~~~
arraylist.c:37:16: error: expected declaration specifiers or '...' before 'List'
 void pushFront(List *L, void *dato) {
                ^~~~
arraylist.c:50:15: error: expected declaration specifiers or '...' before 'List'
 void pushBack(List *L, void *dato) {
               ^~~~
arraylist.c:55:18: error: expected declaration specifiers or '...' before 'List'
 void pushCurrent(List *L, void *dato) {
                  ^~~~
arraylist.c:68:16: error: expected declaration specifiers or '...' before 'List'
 void* popFront(List *L) {
                ^~~~
arraylist.c:80:15: error: expected declaration specifiers or '...' before 'List'
 void* popBack(List *L) {
               ^~~~
arraylist.c:89:18: error: expected declaration specifiers or '...' before 'List'
 void* popCurrent(List *L) {
                  ^~~~
arraylist.c:102:14: error: expected declaration specifiers or '...' before 'List'
 int get_size(List *L) {
              ^~~~
test.c:9:35: error: expected '=', ',', ';', 'asm' or '__attribute__' before '{' token
 char * _strdup2(const char * str) {
                                   ^
test.c:16:1: error: parameter 'test_id' is initialized
 int test_id = -1;
 ^~~
test.c:19:14: error: expected '=', ',', ';', 'asm' or '__attribute__' before '{' token
 int success(){
              ^
test.c:24:24: error: expected '=', ',', ';', 'asm' or '__attribute__' before '{' token
 void err_msg(char* msg){
                        ^
test.c:31:23: error: expected '=', ',', ';', 'asm' or '__attribute__' before '{' token
 void ok_msg(char* msg){
                       ^
test.c:37:25: error: expected '=', ',', ';', 'asm' or '__attribute__' before '{' token
 void info_msg(char* msg){
                         ^
test.c:42:75: error: expected '=', ',', ';', 'asm' or '__attribute__' before '{' token
 int test_suite(int(*test)(), char* msg, int max_score, int id, int req_id){
                                                                           ^
test.c:60:22: error: expected '=', ',', ';', 'asm' or '__attribute__' before '{' token
 int test_crea_lista(){
                      ^
test.c:84:22: error: expected '=', ',', ';', 'asm' or '__attribute__' before '{' token
 int test_suma_lista(){
                      ^
test.c:112:28: error: expected '=', ',', ';', 'asm' or '__attribute__' before '{' token
 int test_elimina_elemento(){
                            ^
test.c:158:22: error: expected '=', ',', ';', 'asm' or '__attribute__' before '{' token
 int test_copia_pila(){
                      ^
test.c:214:34: error: expected '=', ',', ';', 'asm' or '__attribute__' before '{' token
 int test_parentesis_balanceados(){
                                  ^
test.c:253:36: error: expected '=', ',', ';', 'asm' or '__attribute__' before '{' token
 int main( int argc, char *argv[] ) {
                                    ^
In file included from test.c:5:0:
exercises.c:49:12: error: old-style parameter declarations in prototyped function definition
       int *numeros (int *) malloc(sizeof(int));
            ^~~~~~~
exercises.c:49:7: error: parameter name omitted
       int *numeros (int *) malloc(sizeof(int));
       ^~~
test.c:271:1: error: expected '{' at end of input
 }
 ^
test.c:271:1: error: no return statement in function returning non-void [-Werror=return-type]
test.c: In function 'crea_lista':
test.c:271:1: error: expected declaration or statement at end of input
test.c:271:1: error: expected declaration or statement at end of input
In file included from test.c:5:0:
exercises.c:45:10: error: unused variable 'L' [-Werror=unused-variable]
    List* L = create_list();
          ^
test.c:271:1: error: control reaches end of non-void function [-Werror=return-type]
 }
 ^
In file included from test.c:5:0:
At top level:
exercises.c:49:12: error: 'numeros' defined but not used [-Werror=unused-function]
       int *numeros (int *) malloc(sizeof(int));
            ^~~~~~~
cc1.exe: all warnings being treated as errors
Compilation failed
0273035
Wed, Mar 19, 2025  8:51:23 AM: 
 exercises.c | 4 ++--
 1 file changed, 2 insertions(+), 2 deletions(-)
In file included from test.c:5:0:
exercises.c: In function 'numeros':
exercises.c:49:28: error: expected declaration specifiers before 'malloc'
       int *numeros (int *) malloc(sizeof(int));
                            ^~~~~~
exercises.c:50:7: error: expected declaration specifiers before '*' token
       *numeros = k;
       ^
exercises.c:51:7: error: expected declaration specifiers before 'pushBack'
       pushBack(L,&umeros);
       ^~~~~~~~
exercises.c:53:4: error: expected declaration specifiers before '}' token
    }
    ^
exercises.c:54:4: error: expected declaration specifiers before 'return'
    return L;
    ^~~~~~
exercises.c:55:1: error: expected declaration specifiers before '}' token
 }
 ^
exercises.c:62:24: error: expected '=', ',', ';', 'asm' or '__attribute__' before '{' token
 int sumaLista(List *L) {
                        ^
exercises.c:80:40: error: expected '=', ',', ';', 'asm' or '__attribute__' before '{' token
 void eliminaElementos(List*L, int elem){
                                        ^
exercises.c:91:39: error: expected '=', ',', ';', 'asm' or '__attribute__' before '{' token
 void copia_pila(Stack* P1, Stack* P2) {
                                       ^
exercises.c:101:41: error: expected '=', ',', ';', 'asm' or '__attribute__' before '{' token
 int parentesisBalanceados(char *cadena) {
                                         ^
In file included from test.c:6:0:
arraylist.c:6:1: error: empty declaration [-Werror]
 struct List {
 ^~~~~~
arraylist.c:12:14: error: storage class specified for parameter 'List'
 typedef List List;
              ^~~~
arraylist.c:14:1: error: expected declaration specifiers before 'List'
 List* create_list() {
 ^~~~
arraylist.c:21:13: error: expected declaration specifiers or '...' before 'List'
 void* first(List *L) {
             ^~~~
arraylist.c:29:12: error: expected declaration specifiers or '...' before 'List'
 void* next(List *L) {
            ^~~~
arraylist.c:37:16: error: expected declaration specifiers or '...' before 'List'
 void pushFront(List *L, void *dato) {
                ^~~~
arraylist.c:50:15: error: expected declaration specifiers or '...' before 'List'
 void pushBack(List *L, void *dato) {
               ^~~~
arraylist.c:55:18: error: expected declaration specifiers or '...' before 'List'
 void pushCurrent(List *L, void *dato) {
                  ^~~~
arraylist.c:68:16: error: expected declaration specifiers or '...' before 'List'
 void* popFront(List *L) {
                ^~~~
arraylist.c:80:15: error: expected declaration specifiers or '...' before 'List'
 void* popBack(List *L) {
               ^~~~
arraylist.c:89:18: error: expected declaration specifiers or '...' before 'List'
 void* popCurrent(List *L) {
                  ^~~~
arraylist.c:102:14: error: expected declaration specifiers or '...' before 'List'
 int get_size(List *L) {
              ^~~~
test.c:9:35: error: expected '=', ',', ';', 'asm' or '__attribute__' before '{' token
 char * _strdup2(const char * str) {
                                   ^
test.c:16:1: error: parameter 'test_id' is initialized
 int test_id = -1;
 ^~~
test.c:19:14: error: expected '=', ',', ';', 'asm' or '__attribute__' before '{' token
 int success(){
              ^
test.c:24:24: error: expected '=', ',', ';', 'asm' or '__attribute__' before '{' token
 void err_msg(char* msg){
                        ^
test.c:31:23: error: expected '=', ',', ';', 'asm' or '__attribute__' before '{' token
 void ok_msg(char* msg){
                       ^
test.c:37:25: error: expected '=', ',', ';', 'asm' or '__attribute__' before '{' token
 void info_msg(char* msg){
                         ^
test.c:42:75: error: expected '=', ',', ';', 'asm' or '__attribute__' before '{' token
 int test_suite(int(*test)(), char* msg, int max_score, int id, int req_id){
                                                                           ^
test.c:60:22: error: expected '=', ',', ';', 'asm' or '__attribute__' before '{' token
 int test_crea_lista(){
                      ^
test.c:84:22: error: expected '=', ',', ';', 'asm' or '__attribute__' before '{' token
 int test_suma_lista(){
                      ^
test.c:112:28: error: expected '=', ',', ';', 'asm' or '__attribute__' before '{' token
 int test_elimina_elemento(){
                            ^
test.c:158:22: error: expected '=', ',', ';', 'asm' or '__attribute__' before '{' token
 int test_copia_pila(){
                      ^
test.c:214:34: error: expected '=', ',', ';', 'asm' or '__attribute__' before '{' token
 int test_parentesis_balanceados(){
                                  ^
test.c:253:36: error: expected '=', ',', ';', 'asm' or '__attribute__' before '{' token
 int main( int argc, char *argv[] ) {
                                    ^
In file included from test.c:5:0:
exercises.c:49:12: error: old-style parameter declarations in prototyped function definition
       int *numeros (int *) malloc(sizeof(int));
            ^~~~~~~
exercises.c:49:7: error: parameter name omitted
       int *numeros (int *) malloc(sizeof(int));
       ^~~
test.c:271:1: error: expected '{' at end of input
 }
 ^
test.c:271:1: error: no return statement in function returning non-void [-Werror=return-type]
test.c: In function 'crea_lista':
test.c:271:1: error: expected declaration or statement at end of input
test.c:271:1: error: expected declaration or statement at end of input
In file included from test.c:5:0:
exercises.c:45:10: error: unused variable 'L' [-Werror=unused-variable]
    List* L = create_list();
          ^
test.c:271:1: error: control reaches end of non-void function [-Werror=return-type]
 }
 ^
In file included from test.c:5:0:
At top level:
exercises.c:49:12: error: 'numeros' defined but not used [-Werror=unused-function]
       int *numeros (int *) malloc(sizeof(int));
            ^~~~~~~
cc1.exe: all warnings being treated as errors
Compilation failed
57d55ea
Wed, Mar 19, 2025  8:51:35 AM: 
 exercises.c | 2 +-
 1 file changed, 1 insertion(+), 1 deletion(-)
In file included from test.c:5:0:
exercises.c: In function 'numeros':
exercises.c:49:28: error: expected declaration specifiers before 'malloc'
       int *numeros (int *) malloc(sizeof(int));
                            ^~~~~~
exercises.c:50:7: error: expected declaration specifiers before '*' token
       *numeros = k;
       ^
exercises.c:51:7: error: expected declaration specifiers before 'pushBack'
       pushBack(L,&numeros);
       ^~~~~~~~
exercises.c:53:4: error: expected declaration specifiers before '}' token
    }
    ^
exercises.c:54:4: error: expected declaration specifiers before 'return'
    return L;
    ^~~~~~
exercises.c:55:1: error: expected declaration specifiers before '}' token
 }
 ^
exercises.c:62:24: error: expected '=', ',', ';', 'asm' or '__attribute__' before '{' token
 int sumaLista(List *L) {
                        ^
exercises.c:80:40: error: expected '=', ',', ';', 'asm' or '__attribute__' before '{' token
 void eliminaElementos(List*L, int elem){
                                        ^
exercises.c:91:39: error: expected '=', ',', ';', 'asm' or '__attribute__' before '{' token
 void copia_pila(Stack* P1, Stack* P2) {
                                       ^
exercises.c:101:41: error: expected '=', ',', ';', 'asm' or '__attribute__' before '{' token
 int parentesisBalanceados(char *cadena) {
                                         ^
In file included from test.c:6:0:
arraylist.c:6:1: error: empty declaration [-Werror]
 struct List {
 ^~~~~~
arraylist.c:12:14: error: storage class specified for parameter 'List'
 typedef List List;
              ^~~~
arraylist.c:14:1: error: expected declaration specifiers before 'List'
 List* create_list() {
 ^~~~
arraylist.c:21:13: error: expected declaration specifiers or '...' before 'List'
 void* first(List *L) {
             ^~~~
arraylist.c:29:12: error: expected declaration specifiers or '...' before 'List'
 void* next(List *L) {
            ^~~~
arraylist.c:37:16: error: expected declaration specifiers or '...' before 'List'
 void pushFront(List *L, void *dato) {
                ^~~~
arraylist.c:50:15: error: expected declaration specifiers or '...' before 'List'
 void pushBack(List *L, void *dato) {
               ^~~~
arraylist.c:55:18: error: expected declaration specifiers or '...' before 'List'
 void pushCurrent(List *L, void *dato) {
                  ^~~~
arraylist.c:68:16: error: expected declaration specifiers or '...' before 'List'
 void* popFront(List *L) {
                ^~~~
arraylist.c:80:15: error: expected declaration specifiers or '...' before 'List'
 void* popBack(List *L) {
               ^~~~
arraylist.c:89:18: error: expected declaration specifiers or '...' before 'List'
 void* popCurrent(List *L) {
                  ^~~~
arraylist.c:102:14: error: expected declaration specifiers or '...' before 'List'
 int get_size(List *L) {
              ^~~~
test.c:9:35: error: expected '=', ',', ';', 'asm' or '__attribute__' before '{' token
 char * _strdup2(const char * str) {
                                   ^
test.c:16:1: error: parameter 'test_id' is initialized
 int test_id = -1;
 ^~~
test.c:19:14: error: expected '=', ',', ';', 'asm' or '__attribute__' before '{' token
 int success(){
              ^
test.c:24:24: error: expected '=', ',', ';', 'asm' or '__attribute__' before '{' token
 void err_msg(char* msg){
                        ^
test.c:31:23: error: expected '=', ',', ';', 'asm' or '__attribute__' before '{' token
 void ok_msg(char* msg){
                       ^
test.c:37:25: error: expected '=', ',', ';', 'asm' or '__attribute__' before '{' token
 void info_msg(char* msg){
                         ^
test.c:42:75: error: expected '=', ',', ';', 'asm' or '__attribute__' before '{' token
 int test_suite(int(*test)(), char* msg, int max_score, int id, int req_id){
                                                                           ^
test.c:60:22: error: expected '=', ',', ';', 'asm' or '__attribute__' before '{' token
 int test_crea_lista(){
                      ^
test.c:84:22: error: expected '=', ',', ';', 'asm' or '__attribute__' before '{' token
 int test_suma_lista(){
                      ^
test.c:112:28: error: expected '=', ',', ';', 'asm' or '__attribute__' before '{' token
 int test_elimina_elemento(){
                            ^
test.c:158:22: error: expected '=', ',', ';', 'asm' or '__attribute__' before '{' token
 int test_copia_pila(){
                      ^
test.c:214:34: error: expected '=', ',', ';', 'asm' or '__attribute__' before '{' token
 int test_parentesis_balanceados(){
                                  ^
test.c:253:36: error: expected '=', ',', ';', 'asm' or '__attribute__' before '{' token
 int main( int argc, char *argv[] ) {
                                    ^
In file included from test.c:5:0:
exercises.c:49:12: error: old-style parameter declarations in prototyped function definition
       int *numeros (int *) malloc(sizeof(int));
            ^~~~~~~
exercises.c:49:7: error: parameter name omitted
       int *numeros (int *) malloc(sizeof(int));
       ^~~
test.c:271:1: error: expected '{' at end of input
 }
 ^
test.c:271:1: error: no return statement in function returning non-void [-Werror=return-type]
test.c: In function 'crea_lista':
test.c:271:1: error: expected declaration or statement at end of input
test.c:271:1: error: expected declaration or statement at end of input
In file included from test.c:5:0:
exercises.c:45:10: error: unused variable 'L' [-Werror=unused-variable]
    List* L = create_list();
          ^
test.c:271:1: error: control reaches end of non-void function [-Werror=return-type]
 }
 ^
In file included from test.c:5:0:
At top level:
exercises.c:49:12: error: 'numeros' defined but not used [-Werror=unused-function]
       int *numeros (int *) malloc(sizeof(int));
            ^~~~~~~
cc1.exe: all warnings being treated as errors
Compilation failed
87a5323
Wed, Mar 19, 2025  8:52:31 AM: 
 exercises.c | 2 +-
 1 file changed, 1 insertion(+), 1 deletion(-)
In file included from test.c:5:0:
exercises.c: In function 'numeros':
exercises.c:49:28: error: expected declaration specifiers before 'malloc'
       int *numeros (int *) malloc(sizeof(int));
                            ^~~~~~
exercises.c:50:7: error: expected declaration specifiers before '*' token
       *numeros = k;
       ^
exercises.c:51:7: error: expected declaration specifiers before 'pushBack'
       pushBack(L,numeros);
       ^~~~~~~~
exercises.c:53:4: error: expected declaration specifiers before '}' token
    }
    ^
exercises.c:54:4: error: expected declaration specifiers before 'return'
    return L;
    ^~~~~~
exercises.c:55:1: error: expected declaration specifiers before '}' token
 }
 ^
exercises.c:62:24: error: expected '=', ',', ';', 'asm' or '__attribute__' before '{' token
 int sumaLista(List *L) {
                        ^
exercises.c:80:40: error: expected '=', ',', ';', 'asm' or '__attribute__' before '{' token
 void eliminaElementos(List*L, int elem){
                                        ^
exercises.c:91:39: error: expected '=', ',', ';', 'asm' or '__attribute__' before '{' token
 void copia_pila(Stack* P1, Stack* P2) {
                                       ^
exercises.c:101:41: error: expected '=', ',', ';', 'asm' or '__attribute__' before '{' token
 int parentesisBalanceados(char *cadena) {
                                         ^
In file included from test.c:6:0:
arraylist.c:6:1: error: empty declaration [-Werror]
 struct List {
 ^~~~~~
arraylist.c:12:14: error: storage class specified for parameter 'List'
 typedef List List;
              ^~~~
arraylist.c:14:1: error: expected declaration specifiers before 'List'
 List* create_list() {
 ^~~~
arraylist.c:21:13: error: expected declaration specifiers or '...' before 'List'
 void* first(List *L) {
             ^~~~
arraylist.c:29:12: error: expected declaration specifiers or '...' before 'List'
 void* next(List *L) {
            ^~~~
arraylist.c:37:16: error: expected declaration specifiers or '...' before 'List'
 void pushFront(List *L, void *dato) {
                ^~~~
arraylist.c:50:15: error: expected declaration specifiers or '...' before 'List'
 void pushBack(List *L, void *dato) {
               ^~~~
arraylist.c:55:18: error: expected declaration specifiers or '...' before 'List'
 void pushCurrent(List *L, void *dato) {
                  ^~~~
arraylist.c:68:16: error: expected declaration specifiers or '...' before 'List'
 void* popFront(List *L) {
                ^~~~
arraylist.c:80:15: error: expected declaration specifiers or '...' before 'List'
 void* popBack(List *L) {
               ^~~~
arraylist.c:89:18: error: expected declaration specifiers or '...' before 'List'
 void* popCurrent(List *L) {
                  ^~~~
arraylist.c:102:14: error: expected declaration specifiers or '...' before 'List'
 int get_size(List *L) {
              ^~~~
test.c:9:35: error: expected '=', ',', ';', 'asm' or '__attribute__' before '{' token
 char * _strdup2(const char * str) {
                                   ^
test.c:16:1: error: parameter 'test_id' is initialized
 int test_id = -1;
 ^~~
test.c:19:14: error: expected '=', ',', ';', 'asm' or '__attribute__' before '{' token
 int success(){
              ^
test.c:24:24: error: expected '=', ',', ';', 'asm' or '__attribute__' before '{' token
 void err_msg(char* msg){
                        ^
test.c:31:23: error: expected '=', ',', ';', 'asm' or '__attribute__' before '{' token
 void ok_msg(char* msg){
                       ^
test.c:37:25: error: expected '=', ',', ';', 'asm' or '__attribute__' before '{' token
 void info_msg(char* msg){
                         ^
test.c:42:75: error: expected '=', ',', ';', 'asm' or '__attribute__' before '{' token
 int test_suite(int(*test)(), char* msg, int max_score, int id, int req_id){
                                                                           ^
test.c:60:22: error: expected '=', ',', ';', 'asm' or '__attribute__' before '{' token
 int test_crea_lista(){
                      ^
test.c:84:22: error: expected '=', ',', ';', 'asm' or '__attribute__' before '{' token
 int test_suma_lista(){
                      ^
test.c:112:28: error: expected '=', ',', ';', 'asm' or '__attribute__' before '{' token
 int test_elimina_elemento(){
                            ^
test.c:158:22: error: expected '=', ',', ';', 'asm' or '__attribute__' before '{' token
 int test_copia_pila(){
                      ^
test.c:214:34: error: expected '=', ',', ';', 'asm' or '__attribute__' before '{' token
 int test_parentesis_balanceados(){
                                  ^
test.c:253:36: error: expected '=', ',', ';', 'asm' or '__attribute__' before '{' token
 int main( int argc, char *argv[] ) {
                                    ^
In file included from test.c:5:0:
exercises.c:49:12: error: old-style parameter declarations in prototyped function definition
       int *numeros (int *) malloc(sizeof(int));
            ^~~~~~~
exercises.c:49:7: error: parameter name omitted
       int *numeros (int *) malloc(sizeof(int));
       ^~~
test.c:271:1: error: expected '{' at end of input
 }
 ^
test.c:271:1: error: no return statement in function returning non-void [-Werror=return-type]
test.c: In function 'crea_lista':
test.c:271:1: error: expected declaration or statement at end of input
test.c:271:1: error: expected declaration or statement at end of input
In file included from test.c:5:0:
exercises.c:45:10: error: unused variable 'L' [-Werror=unused-variable]
    List* L = create_list();
          ^
test.c:271:1: error: control reaches end of non-void function [-Werror=return-type]
 }
 ^
In file included from test.c:5:0:
At top level:
exercises.c:49:12: error: 'numeros' defined but not used [-Werror=unused-function]
       int *numeros (int *) malloc(sizeof(int));
            ^~~~~~~
cc1.exe: all warnings being treated as errors
Compilation failed
bb080b1
Wed, Mar 19, 2025  8:53:03 AM: 
 exercises.c | 4 ++--
 1 file changed, 2 insertions(+), 2 deletions(-)
In file included from test.c:5:0:
exercises.c: In function 'numeros':
exercises.c:49:28: error: expected declaration specifiers before 'malloc'
       int *numeros (int *) malloc(sizeof(int));
                            ^~~~~~
exercises.c:50:7: error: expected declaration specifiers before '(' token
       (*numeros) = k;
       ^
exercises.c:51:7: error: expected declaration specifiers before 'pushBack'
       pushBack(L,&(*numeros));
       ^~~~~~~~
exercises.c:53:4: error: expected declaration specifiers before '}' token
    }
    ^
exercises.c:54:4: error: expected declaration specifiers before 'return'
    return L;
    ^~~~~~
exercises.c:55:1: error: expected declaration specifiers before '}' token
 }
 ^
exercises.c:62:24: error: expected '=', ',', ';', 'asm' or '__attribute__' before '{' token
 int sumaLista(List *L) {
                        ^
exercises.c:80:40: error: expected '=', ',', ';', 'asm' or '__attribute__' before '{' token
 void eliminaElementos(List*L, int elem){
                                        ^
exercises.c:91:39: error: expected '=', ',', ';', 'asm' or '__attribute__' before '{' token
 void copia_pila(Stack* P1, Stack* P2) {
                                       ^
exercises.c:101:41: error: expected '=', ',', ';', 'asm' or '__attribute__' before '{' token
 int parentesisBalanceados(char *cadena) {
                                         ^
In file included from test.c:6:0:
arraylist.c:6:1: error: empty declaration [-Werror]
 struct List {
 ^~~~~~
arraylist.c:12:14: error: storage class specified for parameter 'List'
 typedef List List;
              ^~~~
arraylist.c:14:1: error: expected declaration specifiers before 'List'
 List* create_list() {
 ^~~~
arraylist.c:21:13: error: expected declaration specifiers or '...' before 'List'
 void* first(List *L) {
             ^~~~
arraylist.c:29:12: error: expected declaration specifiers or '...' before 'List'
 void* next(List *L) {
            ^~~~
arraylist.c:37:16: error: expected declaration specifiers or '...' before 'List'
 void pushFront(List *L, void *dato) {
                ^~~~
arraylist.c:50:15: error: expected declaration specifiers or '...' before 'List'
 void pushBack(List *L, void *dato) {
               ^~~~
arraylist.c:55:18: error: expected declaration specifiers or '...' before 'List'
 void pushCurrent(List *L, void *dato) {
                  ^~~~
arraylist.c:68:16: error: expected declaration specifiers or '...' before 'List'
 void* popFront(List *L) {
                ^~~~
arraylist.c:80:15: error: expected declaration specifiers or '...' before 'List'
 void* popBack(List *L) {
               ^~~~
arraylist.c:89:18: error: expected declaration specifiers or '...' before 'List'
 void* popCurrent(List *L) {
                  ^~~~
arraylist.c:102:14: error: expected declaration specifiers or '...' before 'List'
 int get_size(List *L) {
              ^~~~
test.c:9:35: error: expected '=', ',', ';', 'asm' or '__attribute__' before '{' token
 char * _strdup2(const char * str) {
                                   ^
test.c:16:1: error: parameter 'test_id' is initialized
 int test_id = -1;
 ^~~
test.c:19:14: error: expected '=', ',', ';', 'asm' or '__attribute__' before '{' token
 int success(){
              ^
test.c:24:24: error: expected '=', ',', ';', 'asm' or '__attribute__' before '{' token
 void err_msg(char* msg){
                        ^
test.c:31:23: error: expected '=', ',', ';', 'asm' or '__attribute__' before '{' token
 void ok_msg(char* msg){
                       ^
test.c:37:25: error: expected '=', ',', ';', 'asm' or '__attribute__' before '{' token
 void info_msg(char* msg){
                         ^
test.c:42:75: error: expected '=', ',', ';', 'asm' or '__attribute__' before '{' token
 int test_suite(int(*test)(), char* msg, int max_score, int id, int req_id){
                                                                           ^
test.c:60:22: error: expected '=', ',', ';', 'asm' or '__attribute__' before '{' token
 int test_crea_lista(){
                      ^
test.c:84:22: error: expected '=', ',', ';', 'asm' or '__attribute__' before '{' token
 int test_suma_lista(){
                      ^
test.c:112:28: error: expected '=', ',', ';', 'asm' or '__attribute__' before '{' token
 int test_elimina_elemento(){
                            ^
test.c:158:22: error: expected '=', ',', ';', 'asm' or '__attribute__' before '{' token
 int test_copia_pila(){
                      ^
test.c:214:34: error: expected '=', ',', ';', 'asm' or '__attribute__' before '{' token
 int test_parentesis_balanceados(){
                                  ^
test.c:253:36: error: expected '=', ',', ';', 'asm' or '__attribute__' before '{' token
 int main( int argc, char *argv[] ) {
                                    ^
In file included from test.c:5:0:
exercises.c:49:12: error: old-style parameter declarations in prototyped function definition
       int *numeros (int *) malloc(sizeof(int));
            ^~~~~~~
exercises.c:49:7: error: parameter name omitted
       int *numeros (int *) malloc(sizeof(int));
       ^~~
test.c:271:1: error: expected '{' at end of input
 }
 ^
test.c:271:1: error: no return statement in function returning non-void [-Werror=return-type]
test.c: In function 'crea_lista':
test.c:271:1: error: expected declaration or statement at end of input
test.c:271:1: error: expected declaration or statement at end of input
In file included from test.c:5:0:
exercises.c:45:10: error: unused variable 'L' [-Werror=unused-variable]
    List* L = create_list();
          ^
test.c:271:1: error: control reaches end of non-void function [-Werror=return-type]
 }
 ^
In file included from test.c:5:0:
At top level:
exercises.c:49:12: error: 'numeros' defined but not used [-Werror=unused-function]
       int *numeros (int *) malloc(sizeof(int));
            ^~~~~~~
cc1.exe: all warnings being treated as errors
Compilation failed
79c2010
